c:\users\parro\documents\github\550engine\dx11starter\x64\debug\vc142.pdb
c:\users\parro\documents\github\550engine\dx11starter\x64\debug\vc142.idb
c:\users\parro\documents\github\550engine\dx11starter\x64\debug\transform.nativecodeanalysis.sarif
c:\users\parro\documents\github\550engine\dx11starter\x64\debug\transform.nativecodeanalysis.xml
c:\users\parro\documents\github\550engine\dx11starter\x64\debug\sky.nativecodeanalysis.sarif
c:\users\parro\documents\github\550engine\dx11starter\x64\debug\sky.nativecodeanalysis.xml
c:\users\parro\documents\github\550engine\dx11starter\x64\debug\simpleshader.nativecodeanalysis.sarif
c:\users\parro\documents\github\550engine\dx11starter\x64\debug\simpleshader.nativecodeanalysis.xml
c:\users\parro\documents\github\550engine\dx11starter\x64\debug\mesh.nativecodeanalysis.sarif
c:\users\parro\documents\github\550engine\dx11starter\x64\debug\mesh.nativecodeanalysis.xml
c:\users\parro\documents\github\550engine\dx11starter\x64\debug\material.nativecodeanalysis.sarif
c:\users\parro\documents\github\550engine\dx11starter\x64\debug\material.nativecodeanalysis.xml
c:\users\parro\documents\github\550engine\dx11starter\x64\debug\main.nativecodeanalysis.sarif
c:\users\parro\documents\github\550engine\dx11starter\x64\debug\main.nativecodeanalysis.xml
c:\users\parro\documents\github\550engine\dx11starter\x64\debug\game.nativecodeanalysis.sarif
c:\users\parro\documents\github\550engine\dx11starter\x64\debug\game.nativecodeanalysis.xml
c:\users\parro\documents\github\550engine\dx11starter\x64\debug\entity.nativecodeanalysis.sarif
c:\users\parro\documents\github\550engine\dx11starter\x64\debug\entity.nativecodeanalysis.xml
c:\users\parro\documents\github\550engine\dx11starter\x64\debug\dxcore.nativecodeanalysis.sarif
c:\users\parro\documents\github\550engine\dx11starter\x64\debug\dxcore.nativecodeanalysis.xml
c:\users\parro\documents\github\550engine\dx11starter\x64\debug\camera.nativecodeanalysis.sarif
c:\users\parro\documents\github\550engine\dx11starter\x64\debug\camera.nativecodeanalysis.xml
c:\users\parro\documents\github\550engine\dx11starter\x64\debug\camera.obj
c:\users\parro\documents\github\550engine\dx11starter\x64\debug\dxcore.obj
c:\users\parro\documents\github\550engine\dx11starter\x64\debug\entity.obj
c:\users\parro\documents\github\550engine\dx11starter\x64\debug\game.obj
c:\users\parro\documents\github\550engine\dx11starter\x64\debug\main.obj
c:\users\parro\documents\github\550engine\dx11starter\x64\debug\material.obj
c:\users\parro\documents\github\550engine\dx11starter\x64\debug\mesh.obj
c:\users\parro\documents\github\550engine\dx11starter\x64\debug\simpleshader.obj
c:\users\parro\documents\github\550engine\dx11starter\x64\debug\sky.obj
c:\users\parro\documents\github\550engine\dx11starter\x64\debug\transform.obj
c:\users\parro\documents\github\550engine\dx11starter\x64\debug\xapobaseredist.pdb
c:\users\parro\documents\github\550engine\dx11starter\x64\debug\xaudio2_9redist.pdb
c:\users\parro\documents\github\550engine\dx11starter\x64\debug\xaudio2_9redist.dll
c:\users\parro\documents\github\550engine\dx11starter\x64\debug\normalmapps.cso
c:\users\parro\documents\github\550engine\dx11starter\x64\debug\normalmapvs.cso
c:\users\parro\documents\github\550engine\dx11starter\x64\debug\pixelshader.cso
c:\users\parro\documents\github\550engine\dx11starter\x64\debug\skyps.cso
c:\users\parro\documents\github\550engine\dx11starter\x64\debug\skyvs.cso
c:\users\parro\documents\github\550engine\dx11starter\x64\debug\vertexshader.cso
c:\users\parro\documents\github\550engine\dx11starter\x64\debug\dx11starter.ilk
c:\users\parro\documents\github\550engine\dx11starter\x64\debug\dx11starter.exe
c:\users\parro\documents\github\550engine\dx11starter\x64\debug\dx11starter.pdb
c:\users\parro\documents\github\550engine\dx11starter\x64\debug\vc.nativecodeanalysis.all.xml
c:\users\parro\documents\github\550engine\dx11starter\x64\debug\dx11starter.tlog\cl.command.1.tlog
c:\users\parro\documents\github\550engine\dx11starter\x64\debug\dx11starter.tlog\cl.read.1.tlog
c:\users\parro\documents\github\550engine\dx11starter\x64\debug\dx11starter.tlog\cl.write.1.tlog
c:\users\parro\documents\github\550engine\dx11starter\x64\debug\dx11starter.tlog\copylocal.read.1u.tlog
c:\users\parro\documents\github\550engine\dx11starter\x64\debug\dx11starter.tlog\copylocal.write.1u.tlog
c:\users\parro\documents\github\550engine\dx11starter\x64\debug\dx11starter.tlog\fxc.command.1.tlog
c:\users\parro\documents\github\550engine\dx11starter\x64\debug\dx11starter.tlog\fxc.read.1.tlog
c:\users\parro\documents\github\550engine\dx11starter\x64\debug\dx11starter.tlog\fxc.write.1.tlog
c:\users\parro\documents\github\550engine\dx11starter\x64\debug\dx11starter.tlog\link.command.1.tlog
c:\users\parro\documents\github\550engine\dx11starter\x64\debug\dx11starter.tlog\link.read.1.tlog
c:\users\parro\documents\github\550engine\dx11starter\x64\debug\dx11starter.tlog\link.write.1.tlog
