C:\Users\BigBertha\Documents\GitHub\550Engine\DX11Starter\NormalMapPS.hlsl(87,8-106): warning X3206: implicit truncation of vector type
  
  compilation object save succeeded; see C:\Users\BigBertha\Documents\GitHub\550Engine\DX11Starter\x64\Debug\NormalMapPS.cso
  compilation object save succeeded; see C:\Users\BigBertha\Documents\GitHub\550Engine\DX11Starter\x64\Debug\NormalMapVS.cso
C:\Users\BigBertha\Documents\GitHub\550Engine\DX11Starter\PixelShader.hlsl(64,8-102): warning X3206: implicit truncation of vector type
C:\Users\BigBertha\Documents\GitHub\550Engine\DX11Starter\PixelShader.hlsl(65,8-104): warning X3206: implicit truncation of vector type
C:\Users\BigBertha\Documents\GitHub\550Engine\DX11Starter\PixelShader.hlsl(66,8-104): warning X3206: implicit truncation of vector type
C:\Users\BigBertha\Documents\GitHub\550Engine\DX11Starter\PixelShader.hlsl(67,8-106): warning X3206: implicit truncation of vector type
  
  compilation object save succeeded; see C:\Users\BigBertha\Documents\GitHub\550Engine\DX11Starter\x64\Debug\PixelShader.cso
  compilation object save succeeded; see C:\Users\BigBertha\Documents\GitHub\550Engine\DX11Starter\x64\Debug\SkyPS.cso
  compilation object save succeeded; see C:\Users\BigBertha\Documents\GitHub\550Engine\DX11Starter\x64\Debug\SkyVS.cso
  compilation object save succeeded; see C:\Users\BigBertha\Documents\GitHub\550Engine\DX11Starter\x64\Debug\VertexShader.cso
  Camera.cpp
  Collision.cpp
  DXCore.cpp
  Entity.cpp
  Game.cpp
  Main.cpp
  Material.cpp
  Mesh.cpp
  SimpleShader.cpp
  Sky.cpp
  Transform.cpp
  Generating Code...
  DX11Starter.vcxproj -> C:\Users\BigBertha\Documents\GitHub\550Engine\DX11Starter\x64\Debug\DX11Starter.exe
